2022-03-10 10:11:11.595  INFO 13716 --- [restartedMain] c.b.b.BookstoreAppApplication            : Starting BookstoreAppApplication using Java 17.0.2 on DESKTOP-5OHQGJ2 with PID 13716 (C:\Users\Goutham\IdeaProjects\BookstoreApp\target\classes started by Goutham in C:\Users\Goutham\IdeaProjects\BookstoreApp)
2022-03-10 10:11:11.612  INFO 13716 --- [restartedMain] c.b.b.BookstoreAppApplication            : The following 1 profile is active: "dev"
2022-03-10 10:11:11.909  INFO 13716 --- [restartedMain] .e.DevToolsPropertyDefaultsPostProcessor : Devtools property defaults active! Set 'spring.devtools.add-properties' to 'false' to disable
2022-03-10 10:11:11.909  INFO 13716 --- [restartedMain] .e.DevToolsPropertyDefaultsPostProcessor : For additional web related logging consider setting the 'logging.level.web' property to 'DEBUG'
2022-03-10 10:11:24.479  INFO 13716 --- [restartedMain] .s.d.r.c.RepositoryConfigurationDelegate : Bootstrapping Spring Data JPA repositories in DEFAULT mode.
2022-03-10 10:11:25.557  INFO 13716 --- [restartedMain] .s.d.r.c.RepositoryConfigurationDelegate : Finished Spring Data repository scanning in 1051 ms. Found 4 JPA repository interfaces.
2022-03-10 10:11:26.627  INFO 13716 --- [restartedMain] trationDelegate$BeanPostProcessorChecker : Bean 'org.springframework.ws.config.annotation.DelegatingWsConfiguration' of type [org.springframework.ws.config.annotation.DelegatingWsConfiguration$$EnhancerBySpringCGLIB$$611ae36f] is not eligible for getting processed by all BeanPostProcessors (for example: not eligible for auto-proxying)
2022-03-10 10:11:27.046  INFO 13716 --- [restartedMain] .w.s.a.s.AnnotationActionEndpointMapping : Supporting [WS-Addressing August 2004, WS-Addressing 1.0]
2022-03-10 10:11:29.257  INFO 13716 --- [restartedMain] o.s.b.w.embedded.tomcat.TomcatWebServer  : Tomcat initialized with port(s): 8080 (http)
2022-03-10 10:11:29.316  INFO 13716 --- [restartedMain] o.apache.catalina.core.StandardService   : Starting service [Tomcat]
2022-03-10 10:11:29.317  INFO 13716 --- [restartedMain] org.apache.catalina.core.StandardEngine  : Starting Servlet engine: [Apache Tomcat/9.0.58]
2022-03-10 10:11:29.627  INFO 13716 --- [restartedMain] o.a.c.c.C.[Tomcat].[localhost].[/]       : Initializing Spring embedded WebApplicationContext
2022-03-10 10:11:29.627  INFO 13716 --- [restartedMain] w.s.c.ServletWebServerApplicationContext : Root WebApplicationContext: initialization completed in 17714 ms
2022-03-10 10:11:32.157  INFO 13716 --- [restartedMain] com.zaxxer.hikari.HikariDataSource       : HikariPool-1 - Starting...
2022-03-10 10:11:35.047  INFO 13716 --- [restartedMain] com.zaxxer.hikari.HikariDataSource       : HikariPool-1 - Start completed.
2022-03-10 10:11:40.895  INFO 13716 --- [restartedMain] j.LocalContainerEntityManagerFactoryBean : Initialized JPA EntityManagerFactory for persistence unit 'default'
2022-03-10 10:11:42.927  WARN 13716 --- [restartedMain] JpaBaseConfiguration$JpaWebConfiguration : spring.jpa.open-in-view is enabled by default. Therefore, database queries may be performed during view rendering. Explicitly configure spring.jpa.open-in-view to disable this warning
2022-03-10 10:11:44.991  INFO 13716 --- [restartedMain] o.s.b.d.a.OptionalLiveReloadServer       : LiveReload server is running on port 35729
2022-03-10 10:11:45.088  INFO 13716 --- [restartedMain] o.s.b.w.embedded.tomcat.TomcatWebServer  : Tomcat started on port(s): 8080 (http) with context path ''
2022-03-10 10:11:45.119  INFO 13716 --- [restartedMain] c.b.b.BookstoreAppApplication            : Started BookstoreAppApplication in 36.283 seconds (JVM running for 39.49)
2022-03-10 11:15:31.030  INFO 13716 --- [http-nio-8080-exec-1] o.a.c.c.C.[Tomcat].[localhost].[/]       : Initializing Spring DispatcherServlet 'dispatcherServlet'
2022-03-10 11:15:31.770 ERROR 13716 --- [http-nio-8080-exec-1] o.a.c.c.C.[.[.[/].[dispatcherServlet]    : Servlet.service() for servlet [dispatcherServlet] in context with path [] threw exception [Request processing failed; nested exception is com.auth0.jwt.exceptions.TokenExpiredException: The Token has expired on Tue Mar 08 15:03:36 IST 2022.] with root cause

com.auth0.jwt.exceptions.TokenExpiredException: The Token has expired on Tue Mar 08 15:03:36 IST 2022.
	at com.auth0.jwt.JWTVerifier.assertDateIsFuture(JWTVerifier.java:420) ~[java-jwt-3.18.3.jar:3.18.3]
	at com.auth0.jwt.JWTVerifier.assertValidDateClaim(JWTVerifier.java:411) ~[java-jwt-3.18.3.jar:3.18.3]
	at com.auth0.jwt.JWTVerifier.verifyClaimValues(JWTVerifier.java:331) ~[java-jwt-3.18.3.jar:3.18.3]
	at com.auth0.jwt.JWTVerifier.verifyClaims(JWTVerifier.java:315) ~[java-jwt-3.18.3.jar:3.18.3]
	at com.auth0.jwt.JWTVerifier.verify(JWTVerifier.java:300) ~[java-jwt-3.18.3.jar:3.18.3]
	at com.auth0.jwt.JWTVerifier.verify(JWTVerifier.java:283) ~[java-jwt-3.18.3.jar:3.18.3]
	at com.brigelabz.bookstoreapp.service.UserLogin.UserLoginServiceImpl.findSubByDecodeToken(UserLoginServiceImpl.java:150) ~[classes/:na]
	at com.brigelabz.bookstoreapp.service.bookService.BookServiceImpl.changeBookQuantity(BookServiceImpl.java:65) ~[classes/:na]
	at com.brigelabz.bookstoreapp.controller.BookController.BookController.changeBookQuantity(BookController.java:61) ~[classes/:na]
	at java.base/jdk.internal.reflect.NativeMethodAccessorImpl.invoke0(Native Method) ~[na:na]
	at java.base/jdk.internal.reflect.NativeMethodAccessorImpl.invoke(NativeMethodAccessorImpl.java:77) ~[na:na]
	at java.base/jdk.internal.reflect.DelegatingMethodAccessorImpl.invoke(DelegatingMethodAccessorImpl.java:43) ~[na:na]
	at java.base/java.lang.reflect.Method.invoke(Method.java:568) ~[na:na]
	at org.springframework.web.method.support.InvocableHandlerMethod.doInvoke(InvocableHandlerMethod.java:205) ~[spring-web-5.3.16.jar:5.3.16]
	at org.springframework.web.method.support.InvocableHandlerMethod.invokeForRequest(InvocableHandlerMethod.java:150) ~[spring-web-5.3.16.jar:5.3.16]
	at org.springframework.web.servlet.mvc.method.annotation.ServletInvocableHandlerMethod.invokeAndHandle(ServletInvocableHandlerMethod.java:117) ~[spring-webmvc-5.3.16.jar:5.3.16]
	at org.springframework.web.servlet.mvc.method.annotation.RequestMappingHandlerAdapter.invokeHandlerMethod(RequestMappingHandlerAdapter.java:895) ~[spring-webmvc-5.3.16.jar:5.3.16]
	at org.springframework.web.servlet.mvc.method.annotation.RequestMappingHandlerAdapter.handleInternal(RequestMappingHandlerAdapter.java:808) ~[spring-webmvc-5.3.16.jar:5.3.16]
	at org.springframework.web.servlet.mvc.method.AbstractHandlerMethodAdapter.handle(AbstractHandlerMethodAdapter.java:87) ~[spring-webmvc-5.3.16.jar:5.3.16]
	at org.springframework.web.servlet.DispatcherServlet.doDispatch(DispatcherServlet.java:1067) ~[spring-webmvc-5.3.16.jar:5.3.16]
	at org.springframework.web.servlet.DispatcherServlet.doService(DispatcherServlet.java:963) ~[spring-webmvc-5.3.16.jar:5.3.16]
	at org.springframework.web.servlet.FrameworkServlet.processRequest(FrameworkServlet.java:1006) ~[spring-webmvc-5.3.16.jar:5.3.16]
	at org.springframework.web.servlet.FrameworkServlet.doPut(FrameworkServlet.java:920) ~[spring-webmvc-5.3.16.jar:5.3.16]
	at javax.servlet.http.HttpServlet.service(HttpServlet.java:684) ~[tomcat-embed-core-9.0.58.jar:4.0.FR]
	at org.springframework.web.servlet.FrameworkServlet.service(FrameworkServlet.java:883) ~[spring-webmvc-5.3.16.jar:5.3.16]
	at javax.servlet.http.HttpServlet.service(HttpServlet.java:764) ~[tomcat-embed-core-9.0.58.jar:4.0.FR]
	at org.apache.catalina.core.ApplicationFilterChain.internalDoFilter(ApplicationFilterChain.java:227) ~[tomcat-embed-core-9.0.58.jar:9.0.58]
	at org.apache.catalina.core.ApplicationFilterChain.doFilter(ApplicationFilterChain.java:162) ~[tomcat-embed-core-9.0.58.jar:9.0.58]
	at org.apache.tomcat.websocket.server.WsFilter.doFilter(WsFilter.java:53) ~[tomcat-embed-websocket-9.0.58.jar:9.0.58]
	at org.apache.catalina.core.ApplicationFilterChain.internalDoFilter(ApplicationFilterChain.java:189) ~[tomcat-embed-core-9.0.58.jar:9.0.58]
	at org.apache.catalina.core.ApplicationFilterChain.doFilter(ApplicationFilterChain.java:162) ~[tomcat-embed-core-9.0.58.jar:9.0.58]
	at org.springframework.web.filter.RequestContextFilter.doFilterInternal(RequestContextFilter.java:100) ~[spring-web-5.3.16.jar:5.3.16]
	at org.springframework.web.filter.OncePerRequestFilter.doFilter(OncePerRequestFilter.java:117) ~[spring-web-5.3.16.jar:5.3.16]
	at org.apache.catalina.core.ApplicationFilterChain.internalDoFilter(ApplicationFilterChain.java:189) ~[tomcat-embed-core-9.0.58.jar:9.0.58]
	at org.apache.catalina.core.ApplicationFilterChain.doFilter(ApplicationFilterChain.java:162) ~[tomcat-embed-core-9.0.58.jar:9.0.58]
	at org.springframework.web.filter.FormContentFilter.doFilterInternal(FormContentFilter.java:93) ~[spring-web-5.3.16.jar:5.3.16]
	at org.springframework.web.filter.OncePerRequestFilter.doFilter(OncePerRequestFilter.java:117) ~[spring-web-5.3.16.jar:5.3.16]
	at org.apache.catalina.core.ApplicationFilterChain.internalDoFilter(ApplicationFilterChain.java:189) ~[tomcat-embed-core-9.0.58.jar:9.0.58]
	at org.apache.catalina.core.ApplicationFilterChain.doFilter(ApplicationFilterChain.java:162) ~[tomcat-embed-core-9.0.58.jar:9.0.58]
	at org.springframework.web.filter.CharacterEncodingFilter.doFilterInternal(CharacterEncodingFilter.java:201) ~[spring-web-5.3.16.jar:5.3.16]
	at org.springframework.web.filter.OncePerRequestFilter.doFilter(OncePerRequestFilter.java:117) ~[spring-web-5.3.16.jar:5.3.16]
	at org.apache.catalina.core.ApplicationFilterChain.internalDoFilter(ApplicationFilterChain.java:189) ~[tomcat-embed-core-9.0.58.jar:9.0.58]
	at org.apache.catalina.core.ApplicationFilterChain.doFilter(ApplicationFilterChain.java:162) ~[tomcat-embed-core-9.0.58.jar:9.0.58]
	at org.apache.catalina.core.StandardWrapperValve.invoke(StandardWrapperValve.java:197) ~[tomcat-embed-core-9.0.58.jar:9.0.58]
	at org.apache.catalina.core.StandardContextValve.invoke(StandardContextValve.java:97) ~[tomcat-embed-core-9.0.58.jar:9.0.58]
	at org.apache.catalina.authenticator.AuthenticatorBase.invoke(AuthenticatorBase.java:540) ~[tomcat-embed-core-9.0.58.jar:9.0.58]
	at org.apache.catalina.core.StandardHostValve.invoke(StandardHostValve.java:135) ~[tomcat-embed-core-9.0.58.jar:9.0.58]
	at org.apache.catalina.valves.ErrorReportValve.invoke(ErrorReportValve.java:92) ~[tomcat-embed-core-9.0.58.jar:9.0.58]
	at org.apache.catalina.core.StandardEngineValve.invoke(StandardEngineValve.java:78) ~[tomcat-embed-core-9.0.58.jar:9.0.58]
	at org.apache.catalina.connector.CoyoteAdapter.service(CoyoteAdapter.java:359) ~[tomcat-embed-core-9.0.58.jar:9.0.58]
	at org.apache.coyote.http11.Http11Processor.service(Http11Processor.java:399) ~[tomcat-embed-core-9.0.58.jar:9.0.58]
	at org.apache.coyote.AbstractProcessorLight.process(AbstractProcessorLight.java:65) ~[tomcat-embed-core-9.0.58.jar:9.0.58]
	at org.apache.coyote.AbstractProtocol$ConnectionHandler.process(AbstractProtocol.java:889) ~[tomcat-embed-core-9.0.58.jar:9.0.58]
	at org.apache.tomcat.util.net.NioEndpoint$SocketProcessor.doRun(NioEndpoint.java:1735) ~[tomcat-embed-core-9.0.58.jar:9.0.58]
	at org.apache.tomcat.util.net.SocketProcessorBase.run(SocketProcessorBase.java:49) ~[tomcat-embed-core-9.0.58.jar:9.0.58]
	at org.apache.tomcat.util.threads.ThreadPoolExecutor.runWorker(ThreadPoolExecutor.java:1191) ~[tomcat-embed-core-9.0.58.jar:9.0.58]
	at org.apache.tomcat.util.threads.ThreadPoolExecutor$Worker.run(ThreadPoolExecutor.java:659) ~[tomcat-embed-core-9.0.58.jar:9.0.58]
	at org.apache.tomcat.util.threads.TaskThread$WrappingRunnable.run(TaskThread.java:61) ~[tomcat-embed-core-9.0.58.jar:9.0.58]
	at java.base/java.lang.Thread.run(Thread.java:833) ~[na:na]

2022-03-10 11:15:48.990  INFO 13716 --- [http-nio-8080-exec-4] c.b.b.s.UserLogin.UserLoginServiceImpl   : email : gouthamy219@gmail.com
2022-03-10 11:15:48.995  INFO 13716 --- [http-nio-8080-exec-4] c.b.b.s.UserLogin.UserLoginServiceImpl   : password : Ashu12@2
2022-03-10 11:15:48.995  INFO 13716 --- [http-nio-8080-exec-4] c.b.b.s.UserLogin.UserLoginServiceImpl   : AuthenticationToken : UsernamePasswordAuthenticationToken [Principal=gouthamy219@gmail.com, Credentials=[PROTECTED], Authenticated=false, Details=null, Granted Authorities=[]]
2022-03-10 11:15:50.731  INFO 13716 --- [http-nio-8080-exec-4] c.b.b.s.UserLogin.UserLoginServiceImpl   : Authentication status for email ID : gouthamy219@gmail.com: Verified 
2022-03-10 11:15:50.735  INFO 13716 --- [http-nio-8080-exec-4] c.b.b.s.UserLogin.UserLoginServiceImpl   : principal --> gouthamy219@gmail.com
2022-03-10 11:15:50.745  INFO 13716 --- [http-nio-8080-exec-4] c.b.b.s.UserLogin.UserLoginServiceImpl   : JWT Token is : eyJ0eXAiOiJKV1QiLCJhbGciOiJIUzI1NiJ9.eyJzdWIiOiJnb3V0aGFteTIxOUBnbWFpbC5jb20iLCJpc3MiOiJodHRwOi8vbG9jYWxob3N0OjgwODAvYXV0aGVudGljYXRpb24vbG9naW4iLCJleHAiOjE2NDY4OTE3NTAsImlhdCI6MTY0Njg5MTE1MH0.P_OochdQQEnqcL8in96ZQ2O0G7aO8O7g-irhsvGGPSY
